<?xml version="1.0" encoding="UTF-8"?>
<!-- Generated by org.testng.reporters.JUnitXMLReporter -->
<testsuite hostname="LAPTOP-5CEH4ICU" ignored="0" name="API Tests" tests="4" failures="0" timestamp="15 Aug 2020 11:25:17 GMT" time="9.244" errors="0">
  <testcase name="Test01_GetAdminDetails" time="4.035" classname="SanityTests.GrafanaAPI"/>
  <testcase name="Test02_AddTeamandVerify" time="0.237" classname="SanityTests.GrafanaAPI"/>
  <testcase name="Test03_UpdateTeamandVerify" time="0.111" classname="SanityTests.GrafanaAPI"/>
  <testcase name="Test04_DeleteTeamandVerify" time="0.132" classname="SanityTests.GrafanaAPI"/>
</testsuite> <!-- API Tests -->
