<?xml version="1.0" encoding="UTF-8"?>
<!-- Generated by org.testng.reporters.JUnitXMLReporter -->
<testsuite hostname="LAPTOP-5CEH4ICU" ignored="0" name="Web Tests" tests="5" failures="0" timestamp="15 Aug 2020 11:31:16 GMT" time="125.228" errors="0">
  <testcase name="Test01_SignUp" time="27.751" classname="SanityTests.automationpracticeWeb"/>
  <testcase name="Test02_SignOutAndIn" time="9.766" classname="SanityTests.automationpracticeWeb"/>
  <testcase name="Test03_Products" time="63.687" classname="SanityTests.automationpracticeWeb"/>
  <testcase name="Test04_EditInfo" time="9.025" classname="SanityTests.automationpracticeWeb"/>
  <testcase name="Test05_VerifyLogo" time="1.283" classname="SanityTests.automationpracticeWeb"/>
</testsuite> <!-- Web Tests -->
